<?xml version="1.0" encoding="UTF-8"?>
<testng-results total="1" passed="1" failed="0" skipped="0">
  <reporter-output>
  </reporter-output>
  <suite started-at="2023-07-17T09:12:12Z" name="Default suite" finished-at="2023-07-17T09:12:29Z" duration-ms="16840">
    <groups>
    </groups>
    <test started-at="2023-07-17T09:12:12Z" name="Default test" finished-at="2023-07-17T09:12:29Z" duration-ms="16840">
      <class name="com.automation.Login">
        <test-method is-config="true" signature="Setup()[pri:0, instance:com.automation.Login@6c2ed0cd]" started-at="2023-07-17T14:42:12Z" name="Setup" finished-at="2023-07-17T14:42:18Z" duration-ms="6397" status="PASS">
          <reporter-output>
          </reporter-output>
        </test-method> <!-- Setup -->
        <test-method signature="Loginapp()[pri:0, instance:com.automation.Login@6c2ed0cd]" started-at="2023-07-17T14:42:18Z" name="Loginapp" finished-at="2023-07-17T14:42:29Z" duration-ms="10429" status="PASS">
          <reporter-output>
          </reporter-output>
        </test-method> <!-- Loginapp -->
        <test-method is-config="true" signature="logout()[pri:0, instance:com.automation.Login@6c2ed0cd]" started-at="2023-07-17T14:42:29Z" name="logout" finished-at="2023-07-17T14:42:29Z" duration-ms="0" status="PASS">
          <reporter-output>
          </reporter-output>
        </test-method> <!-- logout -->
      </class> <!-- com.automation.Login -->
    </test> <!-- Default test -->
  </suite> <!-- Default suite -->
</testng-results>
